Arguments: 
  C:\Users\owend\.nvm\versions\node\v16.14.0\bin\node.exe C:\Users\owend\.nvm\versions\node\v16.14.0\bin\node_modules\yarn\bin\yarn.js init

PATH: 
  C:\Users\owend\.nvm\versions\node\v16.14.0\bin;C:\Users\owend\bin;C:\Program Files\Git\mingw64\bin;C:\Program Files\Git\usr\local\bin;C:\Program Files\Git\usr\bin;C:\Program Files\Git\usr\bin;C:\Program Files\Git\mingw64\bin;C:\Program Files\Git\usr\bin;C:\Users\owend\bin;C:\WINDOWS\system32;C:\WINDOWS;C:\WINDOWS\System32\Wbem;C:\WINDOWS\System32\WindowsPowerShell\v1.0;C:\WINDOWS\System32\OpenSSH;C:\Program Files\MATLAB\R2021a\bin;C:\Program Files\nodejs;C:\Program Files\Git\cmd;C:\WINDOWS\system32;C:\WINDOWS;C:\WINDOWS\System32\Wbem;C:\WINDOWS\System32\WindowsPowerShell\v1.0;C:\WINDOWS\System32\OpenSSH;C:\Program Files\MATLAB\R2021a\bin;C:\Program Files (x86)\Pulse Secure\VC142.CRT\X64;C:\Program Files (x86)\Pulse Secure\VC142.CRT\X86;C:\Users\owend\AppData\Local\Programs\Python\Python39\Scripts;C:\Users\owend\AppData\Local\Programs\Python\Python39;C:\Users\owend\miniconda3;C:\Users\owend\miniconda3\Library\mingw-w64\bin;C:\Users\owend\miniconda3\Library\usr\bin;C:\Users\owend\miniconda3\Library\bin;C:\Users\owend\miniconda3\Scripts;C:\Users\owend\AppData\Local\Microsoft\WindowsApps;C:\Users\owend\Anaconda3;C:\Users\owend\AppData\Local\Programs\Microsoft VS Code\bin;C:\Python39\Scripts;C:\Users\owend\AppData\Local\Microsoft\WindowsApps;C:\Users\owend\AppData\Roaming\npm;C:\Program Files\Git\usr\bin\vendor_perl;C:\Program Files\Git\usr\bin\core_perl

Yarn version: 
  1.22.17

Node version: 
  16.14.0

Platform: 
  win32 x64

Trace: 
  Error: Can't answer a question unless a user TTY
      at ConsoleReporter.question (C:\Users\owend\.nvm\versions\node\v16.14.0\bin\node_modules\yarn\lib\cli.js:96935:59)
      at Object.<anonymous> (C:\Users\owend\.nvm\versions\node\v16.14.0\bin\node_modules\yarn\lib\cli.js:89125:38)
      at Generator.next (<anonymous>)
      at step (C:\Users\owend\.nvm\versions\node\v16.14.0\bin\node_modules\yarn\lib\cli.js:310:30)
      at C:\Users\owend\.nvm\versions\node\v16.14.0\bin\node_modules\yarn\lib\cli.js:321:13
      at processTicksAndRejections (node:internal/process/task_queues:96:5)

npm manifest: 
  No manifest

yarn manifest: 
  No manifest

Lockfile: 
  # THIS IS AN AUTOGENERATED FILE. DO NOT EDIT THIS FILE DIRECTLY.
  # yarn lockfile v1
